                 Running inference benchmark 
                         Times
----------------------------------------------------------------------------------------
    m       n      k      a_t     b_t      precision        time (usec) 
   5124    700   2048      0      0        float                1784
     35    700   2048      0      0        float                  36
   5124    700   2560      0      0        float                2113
     35    700   2560      0      0        float                  45
   5124   1500   2048      0      0        float                3220
     35   1500   2048      0      0        float                  81
   5124   1500   2560      0      0        float                4331
     35   1500   2560      0      0        float                 128
   7680      1   2560      0      0        float                 225
   7680      2   2560      0      0        float                 223
   7680      4   2560      0      0        float                 248
   3072      1   1024      0      0        float                  37
   3072      2   1024      0      0        float                  38
   3072      4   1024      0      0        float                  39
    512      1 500000      0      0        float                3648
   1024      1 500000      0      0        float                5938
    512      2 500000      0      0        float                6726
   1024      2 500000      0      0        float                8037
    512      4 500000      0      0        float                7132
   1024      4 500000      0      0        float                8500
   1024    700    512      0      0        float                 122
   7680   1500   2560      0      0        float                6466
   6144   1500   2048      0      0        float                4325
   4608   1500   1536      0      0        float                2407
   8448   1500   2816      0      0        float                7895
   3072   1500   1024      0      0        float                1188
   7680   3000   2560      0      0        float               12920
   6144   3000   2048      0      0        float                8389
   4608   3000   1536      0      0        float                5504
   8448   3000   2816      0      0        float               30255
   3072   3000   1024      0      0        float                5616
   7680   6000   2560      0      0        float              127765
   6144   6000   2048      0      0        float               86510
   4608   6000   1536      0      0        float               49002
   8448   6000   2816      0      0        float              162164
   3072   6000   1024      0      0        float                6162
   6144      1   2048      0      0        float                 141
   4608      1   1536      0      0        float                  82
   8448      1   2816      0      0        float                 279
   6144      2   2048      0      0        float                 143
   4608      2   1536      0      0        float                  82
   8448      2   2816      0      0        float                 266
   6144      4   2048      0      0        float                 144
   4608      4   1536      0      0        float                  83
   8448      4   2816      0      0        float                 287
    512   1500   2816      0      0        float                 557
    512   1500   2048      0      0        float                 407
    512   1500   2560      0      0        float                 517
    512   1500   1536      0      0        float                 325
   1024   1500   2816      0      0        float                1090
   1024   1500   2048      0      0        float                 798
   1024   1500   2560      0      0        float                 992
   1024   1500   1536      0      0        float                 608
    512      1    512      0      0        float                   4
   1024      1    512      0      0        float                   6
    512   3000   2816      0      0        float                1092
    512   3000   2048      0      0        float                 798
    512   3000   2560      0      0        float                 994
    512   3000   1536      0      0        float                 610
   1024   3000   2816      0      0        float                1923
   1024   3000   2048      0      0        float                1574
   1024   3000   2560      0      0        float                1954
   1024   3000   1536      0      0        float                1195
    512      2    512      0      0        float                  10
   1024      2    512      0      0        float                  10
    512   6000   2816      0      0        float                2024
    512   6000   2048      0      0        float                1579
    512   6000   2560      0      0        float                1972
    512   6000   1536      0      0        float                1212
   1024   6000   2816      0      0        float                3852
   1024   6000   2048      0      0        float                2832
   1024   6000   2560      0      0        float                3643
   1024   6000   1536      0      0        float                2503
    512      4    512      0      0        float                  16
   1024      4    512      0      0        float                  16
