                 Running inference benchmark 
                         Times
----------------------------------------------------------------------------------------
    m       n      k      a_t     b_t      precision        time (usec) 
   5124    700   2048      0      0        float                1721
     35    700   2048      0      0        float                  34
   5124    700   2560      0      0        float                2007
     35    700   2560      0      0        float                  42
   5124   1500   2048      0      0        float                3029
     35   1500   2048      0      0        float                  74
   5124   1500   2560      0      0        float                3769
     35   1500   2560      0      0        float                 119
   7680      1   2560      0      0        float                 223
   7680      2   2560      0      0        float                 221
   7680      4   2560      0      0        float                 243
   3072      1   1024      0      0        float                  36
   3072      2   1024      0      0        float                  37
   3072      4   1024      0      0        float                  38
    512      1 500000      0      0        float                3541
   1024      1 500000      0      0        float                5833
    512      2 500000      0      0        float                6345
   1024      2 500000      0      0        float                7419
    512      4 500000      0      0        float                6621
   1024      4 500000      0      0        float                7510
   1024    700    512      0      0        float                  97
   7680   1500   2560      0      0        float                5511
   6144   1500   2048      0      0        float                3631
   4608   1500   1536      0      0        float                2054
   8448   1500   2816      0      0        float                6772
   3072   1500   1024      0      0        float                 999
   7680   3000   2560      0      0        float               11114
   6144   3000   2048      0      0        float                7197
   4608   3000   1536      0      0        float                4095
   8448   3000   2816      0      0        float               13757
   3072   3000   1024      0      0        float                1912
   7680   6000   2560      0      0        float               23667
   6144   6000   2048      0      0        float               14459
   4608   6000   1536      0      0        float                8503
   8448   6000   2816      0      0        float               28872
   3072   6000   1024      0      0        float                3778
   6144      1   2048      0      0        float                 141
   4608      1   1536      0      0        float                  82
   8448      1   2816      0      0        float                 277
   6144      2   2048      0      0        float                 143
   4608      2   1536      0      0        float                  81
   8448      2   2816      0      0        float                 265
   6144      4   2048      0      0        float                 144
   4608      4   1536      0      0        float                  82
   8448      4   2816      0      0        float                 282
    512   1500   2816      0      0        float                 506
    512   1500   2048      0      0        float                 366
    512   1500   2560      0      0        float                 470
    512   1500   1536      0      0        float                 294
   1024   1500   2816      0      0        float                 936
   1024   1500   2048      0      0        float                 683
   1024   1500   2560      0      0        float                 856
   1024   1500   1536      0      0        float                 527
    512      1    512      0      0        float                   4
   1024      1    512      0      0        float                   5
    512   3000   2816      0      0        float                 939
    512   3000   2048      0      0        float                 687
    512   3000   2560      0      0        float                 858
    512   3000   1536      0      0        float                 528
   1024   3000   2816      0      0        float                1706
   1024   3000   2048      0      0        float                1337
   1024   3000   2560      0      0        float                1658
   1024   3000   1536      0      0        float                1022
    512      2    512      0      0        float                   9
   1024      2    512      0      0        float                   9
    512   6000   2816      0      0        float                1852
    512   6000   2048      0      0        float                1375
    512   6000   2560      0      0        float                1729
    512   6000   1536      0      0        float                1076
   1024   6000   2816      0      0        float                3729
   1024   6000   2048      0      0        float                2789
   1024   6000   2560      0      0        float                3516
   1024   6000   1536      0      0        float                2149
    512      4    512      0      0        float                  11
   1024      4    512      0      0        float                  11
