                 Running inference benchmark 
                         Times
----------------------------------------------------------------------------------------
    m       n      k      a_t     b_t      precision        time (usec) 
   5124    700   2048      0      0        float                1737
     35    700   2048      0      0        float                  34
   5124    700   2560      0      0        float                1988
     35    700   2560      0      0        float                  42
   5124   1500   2048      0      0        float                3017
     35   1500   2048      0      0        float                  74
   5124   1500   2560      0      0        float                3777
     35   1500   2560      0      0        float                 118
   7680      1   2560      0      0        float                 223
   7680      2   2560      0      0        float                 221
   7680      4   2560      0      0        float                 243
   3072      1   1024      0      0        float                  36
   3072      2   1024      0      0        float                  37
   3072      4   1024      0      0        float                  38
    512      1 500000      0      0        float                3544
   1024      1 500000      0      0        float                5823
    512      2 500000      0      0        float                6322
   1024      2 500000      0      0        float                7424
    512      4 500000      0      0        float                6606
   1024      4 500000      0      0        float                7539
   1024    700    512      0      0        float                  97
   7680   1500   2560      0      0        float                5478
   6144   1500   2048      0      0        float                3638
   4608   1500   1536      0      0        float                2057
   8448   1500   2816      0      0        float                6766
   3072   1500   1024      0      0        float                 991
   7680   3000   2560      0      0        float               11140
   6144   3000   2048      0      0        float                7104
   4608   3000   1536      0      0        float                4119
   8448   3000   2816      0      0        float               13719
   3072   3000   1024      0      0        float                1905
   7680   6000   2560      0      0        float               23668
   6144   6000   2048      0      0        float               14407
   4608   6000   1536      0      0        float                8503
   8448   6000   2816      0      0        float               28810
   3072   6000   1024      0      0        float                3766
   6144      1   2048      0      0        float                 141
   4608      1   1536      0      0        float                  82
   8448      1   2816      0      0        float                 276
   6144      2   2048      0      0        float                 143
   4608      2   1536      0      0        float                  82
   8448      2   2816      0      0        float                 265
   6144      4   2048      0      0        float                 144
   4608      4   1536      0      0        float                  82
   8448      4   2816      0      0        float                 281
    512   1500   2816      0      0        float                 509
    512   1500   2048      0      0        float                 371
    512   1500   2560      0      0        float                 474
    512   1500   1536      0      0        float                 291
   1024   1500   2816      0      0        float                 929
   1024   1500   2048      0      0        float                 679
   1024   1500   2560      0      0        float                 851
   1024   1500   1536      0      0        float                 521
    512      1    512      0      0        float                   8
   1024      1    512      0      0        float                  10
    512   3000   2816      0      0        float                 935
    512   3000   2048      0      0        float                 686
    512   3000   2560      0      0        float                 856
    512   3000   1536      0      0        float                 525
   1024   3000   2816      0      0        float                1703
   1024   3000   2048      0      0        float                1307
   1024   3000   2560      0      0        float                1659
   1024   3000   1536      0      0        float                1016
    512      2    512      0      0        float                  10
   1024      2    512      0      0        float                  13
    512   6000   2816      0      0        float                1793
    512   6000   2048      0      0        float                1368
    512   6000   2560      0      0        float                1721
    512   6000   1536      0      0        float                1028
   1024   6000   2816      0      0        float                3508
   1024   6000   2048      0      0        float                2536
   1024   6000   2560      0      0        float                3279
   1024   6000   1536      0      0        float                2129
    512      4    512      0      0        float                  10
   1024      4    512      0      0        float                  17
