                 Running inference benchmark 
                         Times
----------------------------------------------------------------------------------------
    m       n      k      a_t     b_t      precision        time (usec) 
   5124    700   2048      0      0        float                1776
     35    700   2048      0      0        float                  35
   5124    700   2560      0      0        float                2093
     35    700   2560      0      0        float                  44
   5124   1500   2048      0      0        float                3195
     35   1500   2048      0      0        float                  78
   5124   1500   2560      0      0        float                3995
     35   1500   2560      0      0        float                 122
   7680      1   2560      0      0        float                 225
   7680      2   2560      0      0        float                 223
   7680      4   2560      0      0        float                 246
   3072      1   1024      0      0        float                  37
   3072      2   1024      0      0        float                  38
   3072      4   1024      0      0        float                  39
    512      1 500000      0      0        float                3581
   1024      1 500000      0      0        float                5839
    512      2 500000      0      0        float                6490
   1024      2 500000      0      0        float                7518
    512      4 500000      0      0        float                6778
   1024      4 500000      0      0        float                7577
   1024    700    512      0      0        float                 101
   7680   1500   2560      0      0        float                6080
   6144   1500   2048      0      0        float                4312
   4608   1500   1536      0      0        float                2365
   8448   1500   2816      0      0        float                7887
   3072   1500   1024      0      0        float                1170
   7680   3000   2560      0      0        float               12903
   6144   3000   2048      0      0        float                8320
   4608   3000   1536      0      0        float                4778
   8448   3000   2816      0      0        float               18584
   3072   3000   1024      0      0        float                3158
   7680   6000   2560      0      0        float              118133
   6144   6000   2048      0      0        float               19734
   4608   6000   1536      0      0        float               36114
   8448   6000   2816      0      0        float              162380
   3072   6000   1024      0      0        float                4462
   6144      1   2048      0      0        float                 141
   4608      1   1536      0      0        float                  82
   8448      1   2816      0      0        float                 278
   6144      2   2048      0      0        float                 143
   4608      2   1536      0      0        float                  82
   8448      2   2816      0      0        float                 265
   6144      4   2048      0      0        float                 144
   4608      4   1536      0      0        float                  82
   8448      4   2816      0      0        float                 284
    512   1500   2816      0      0        float                 551
    512   1500   2048      0      0        float                 408
    512   1500   2560      0      0        float                 517
    512   1500   1536      0      0        float                 318
   1024   1500   2816      0      0        float                1087
   1024   1500   2048      0      0        float                 799
   1024   1500   2560      0      0        float                 992
   1024   1500   1536      0      0        float                 609
    512      1    512      0      0        float                   9
   1024      1    512      0      0        float                  11
    512   3000   2816      0      0        float                1082
    512   3000   2048      0      0        float                 781
    512   3000   2560      0      0        float                 992
    512   3000   1536      0      0        float                 611
   1024   3000   2816      0      0        float                1970
   1024   3000   2048      0      0        float                1627
   1024   3000   2560      0      0        float                2044
   1024   3000   1536      0      0        float                1347
    512      2    512      0      0        float                  14
   1024      2    512      0      0        float                  14
    512   6000   2816      0      0        float                2836
    512   6000   2048      0      0        float                2404
    512   6000   2560      0      0        float                2964
    512   6000   1536      0      0        float                2263
   1024   6000   2816      0      0        float               15094
   1024   6000   2048      0      0        float               11293
   1024   6000   2560      0      0        float                4664
   1024   6000   1536      0      0        float                9258
    512      4    512      0      0        float                  47
   1024      4    512      0      0        float                  48
