                 Running inference benchmark 
                         Times
----------------------------------------------------------------------------------------
    m       n      k      a_t     b_t      precision        time (usec) 
   5124    700   2048      0      0        float                1723
     35    700   2048      0      0        float                  34
   5124    700   2560      0      0        float                2014
     35    700   2560      0      0        float                  43
   5124   1500   2048      0      0        float                3034
     35   1500   2048      0      0        float                  74
   5124   1500   2560      0      0        float                3771
     35   1500   2560      0      0        float                 118
   7680      1   2560      0      0        float                 223
   7680      2   2560      0      0        float                 221
   7680      4   2560      0      0        float                 243
   3072      1   1024      0      0        float                  36
   3072      2   1024      0      0        float                  37
   3072      4   1024      0      0        float                  38
    512      1 500000      0      0        float                3542
   1024      1 500000      0      0        float                5820
    512      2 500000      0      0        float                6325
   1024      2 500000      0      0        float                7410
    512      4 500000      0      0        float                6616
   1024      4 500000      0      0        float                7514
   1024    700    512      0      0        float                  97
   7680   1500   2560      0      0        float                5514
   6144   1500   2048      0      0        float                3634
   4608   1500   1536      0      0        float                2043
   8448   1500   2816      0      0        float                6793
   3072   1500   1024      0      0        float                1012
   7680   3000   2560      0      0        float               11141
   6144   3000   2048      0      0        float                7184
   4608   3000   1536      0      0        float                4097
   8448   3000   2816      0      0        float               13758
   3072   3000   1024      0      0        float                1909
   7680   6000   2560      0      0        float               23651
   6144   6000   2048      0      0        float               14491
   4608   6000   1536      0      0        float                8516
   8448   6000   2816      0      0        float               28917
   3072   6000   1024      0      0        float                3778
   6144      1   2048      0      0        float                 141
   4608      1   1536      0      0        float                  82
   8448      1   2816      0      0        float                 276
   6144      2   2048      0      0        float                 142
   4608      2   1536      0      0        float                  81
   8448      2   2816      0      0        float                 266
   6144      4   2048      0      0        float                 143
   4608      4   1536      0      0        float                  82
   8448      4   2816      0      0        float                 281
    512   1500   2816      0      0        float                 506
    512   1500   2048      0      0        float                 363
    512   1500   2560      0      0        float                 469
    512   1500   1536      0      0        float                 293
   1024   1500   2816      0      0        float                 934
   1024   1500   2048      0      0        float                 689
   1024   1500   2560      0      0        float                 857
   1024   1500   1536      0      0        float                 518
    512      1    512      0      0        float                   6
   1024      1    512      0      0        float                   7
    512   3000   2816      0      0        float                 937
    512   3000   2048      0      0        float                 686
    512   3000   2560      0      0        float                 858
    512   3000   1536      0      0        float                 527
   1024   3000   2816      0      0        float                1709
   1024   3000   2048      0      0        float                1312
   1024   3000   2560      0      0        float                1645
   1024   3000   1536      0      0        float                1043
    512      2    512      0      0        float                  13
   1024      2    512      0      0        float                   9
    512   6000   2816      0      0        float                1818
    512   6000   2048      0      0        float                1365
    512   6000   2560      0      0        float                1748
    512   6000   1536      0      0        float                1031
   1024   6000   2816      0      0        float                3631
   1024   6000   2048      0      0        float                2771
   1024   6000   2560      0      0        float                3518
   1024   6000   1536      0      0        float                2146
    512      4    512      0      0        float                  10
   1024      4    512      0      0        float                  11
